<?xml version="1.0" encoding="UTF-8"?>
<!-- Generated by org.testng.reporters.JUnitXMLReporter -->
<testsuite hostname="LAPTOP-0NV2K68R" ignored="0" name="Test" tests="1" failures="1" timestamp="2020-08-25T20:26:45 IST" time="136.373" errors="0">
  <testcase name="Login" time="136.293" classname="appiumPractise.LoginPage">
    <failure type="org.openqa.selenium.WebDriverException" message="An unknown server-side error occurred while processing the command. Original error: Could not proxy command to the remote server. Original error: socket hang up
Build info: version: &amp;apos;3.141.59&amp;apos;, revision: &amp;apos;e82be7d358&amp;apos;, time: &amp;apos;2018-11-14T08:25:53&amp;apos;
System info: host: &amp;apos;LAPTOP-0NV2K68R&amp;apos;, ip: &amp;apos;192.168.155.2&amp;apos;, os.name: &amp;apos;Windows 10&amp;apos;, os.arch: &amp;apos;amd64&amp;apos;, os.version: &amp;apos;10.0&amp;apos;, java.version: &amp;apos;1.8.0_231&amp;apos;
Driver info: io.appium.java_client.android.AndroidDriver
Capabilities {app: C:\Users\ce\eclipse-workspa..., appActivity: com.amazon.mShop.home.HomeA..., appPackage: com.amazon.mShop.android.sh..., autoAcceptAlerts: true, automationName: UiAutomator2, databaseEnabled: false, desired: {app: C:\Users\ce\eclipse-workspa..., appActivity: com.amazon.mShop.home.HomeA..., appPackage: com.amazon.mShop.android.sh..., autoAcceptAlerts: true, automationName: UiAutomator2, deviceName: Pixel2, newCommandTimeout: 100, platformName: android, resetKeyboard: true, unicodeKeyboard: true}, deviceApiLevel: 29, deviceManufacturer: samsung, deviceModel: SM-A105F, deviceName: RZ8M31MWT9A, deviceScreenDensity: 280, deviceScreenSize: 720x1520, deviceUDID: RZ8M31MWT9A, javascriptEnabled: true, locationContextEnabled: false, networkConnectionEnabled: true, newCommandTimeout: 100, pixelRatio: 1.75, platform: LINUX, platformName: Android, platformVersion: 10, resetKeyboard: true, statBarHeight: 54, takesScreenshot: true, unicodeKeyboard: true, viewportRect: {height: 1328, left: 0, top: 54, width: 720}, warnings: {}, webStorageEnabled: false}
Session ID: 1da28352-8ef7-4e88-a9b0-2da66ab40469
*** Element info: {Using=-android uiautomator, value=new UiScrollable(new UiSelector()).scrollIntoView(text(&amp;quot;OnePlus 138.8 cm (55 inches) Q1 Series 4K Certified Android QLED TV 55Q1IN-1 (Black) (Without Stand)&amp;quot;));}">
      <![CDATA[org.openqa.selenium.WebDriverException: An unknown server-side error occurred while processing the command. Original error: Could not proxy command to the remote server. Original error: socket hang up
Build info: version: '3.141.59', revision: 'e82be7d358', time: '2018-11-14T08:25:53'
System info: host: 'LAPTOP-0NV2K68R', ip: '192.168.155.2', os.name: 'Windows 10', os.arch: 'amd64', os.version: '10.0', java.version: '1.8.0_231'
Driver info: io.appium.java_client.android.AndroidDriver
Capabilities {app: C:\Users\ce\eclipse-workspa..., appActivity: com.amazon.mShop.home.HomeA..., appPackage: com.amazon.mShop.android.sh..., autoAcceptAlerts: true, automationName: UiAutomator2, databaseEnabled: false, desired: {app: C:\Users\ce\eclipse-workspa..., appActivity: com.amazon.mShop.home.HomeA..., appPackage: com.amazon.mShop.android.sh..., autoAcceptAlerts: true, automationName: UiAutomator2, deviceName: Pixel2, newCommandTimeout: 100, platformName: android, resetKeyboard: true, unicodeKeyboard: true}, deviceApiLevel: 29, deviceManufacturer: samsung, deviceModel: SM-A105F, deviceName: RZ8M31MWT9A, deviceScreenDensity: 280, deviceScreenSize: 720x1520, deviceUDID: RZ8M31MWT9A, javascriptEnabled: true, locationContextEnabled: false, networkConnectionEnabled: true, newCommandTimeout: 100, pixelRatio: 1.75, platform: LINUX, platformName: Android, platformVersion: 10, resetKeyboard: true, statBarHeight: 54, takesScreenshot: true, unicodeKeyboard: true, viewportRect: {height: 1328, left: 0, top: 54, width: 720}, warnings: {}, webStorageEnabled: false}
Session ID: 1da28352-8ef7-4e88-a9b0-2da66ab40469
*** Element info: {Using=-android uiautomator, value=new UiScrollable(new UiSelector()).scrollIntoView(text("OnePlus 138.8 cm (55 inches) Q1 Series 4K Certified Android QLED TV 55Q1IN-1 (Black) (Without Stand)"));}
at org.openqa.selenium.remote.http.W3CHttpResponseCodec.createException(W3CHttpResponseCodec.java:187)
at org.openqa.selenium.remote.http.W3CHttpResponseCodec.decode(W3CHttpResponseCodec.java:122)
at org.openqa.selenium.remote.http.W3CHttpResponseCodec.decode(W3CHttpResponseCodec.java:49)
at org.openqa.selenium.remote.HttpCommandExecutor.execute(HttpCommandExecutor.java:158)
at io.appium.java_client.remote.AppiumCommandExecutor.execute(AppiumCommandExecutor.java:231)
at org.openqa.selenium.remote.RemoteWebDriver.execute(RemoteWebDriver.java:552)
at io.appium.java_client.DefaultGenericMobileDriver.execute(DefaultGenericMobileDriver.java:42)
at io.appium.java_client.AppiumDriver.execute(AppiumDriver.java:1)
at io.appium.java_client.android.AndroidDriver.execute(AndroidDriver.java:1)
at org.openqa.selenium.remote.RemoteWebDriver.findElement(RemoteWebDriver.java:323)
at io.appium.java_client.DefaultGenericMobileDriver.findElement(DefaultGenericMobileDriver.java:62)
at io.appium.java_client.AppiumDriver.findElement(AppiumDriver.java:1)
at io.appium.java_client.android.AndroidDriver.findElement(AndroidDriver.java:1)
at io.appium.java_client.FindsByAndroidUIAutomator.findElementByAndroidUIAutomator(FindsByAndroidUIAutomator.java:38)
at appiumPractise.SearchItem.Search(SearchItem.java:60)
at appiumPractise.LoginPage.Login(LoginPage.java:39)
at java.util.ArrayList.forEach(ArrayList.java:1257)
... Removed 31 stack frames]]>
    </failure>
  </testcase> <!-- Login -->
</testsuite> <!-- Test -->
