<?xml version="1.0" encoding="UTF-8"?>
<testng-results skipped="0" failed="0" ignored="0" total="1" passed="1">
  <reporter-output>
  </reporter-output>
  <suite name="Default suite" duration-ms="110359" started-at="2020-08-27T11:54:35 IST" finished-at="2020-08-27T11:56:25 IST">
    <groups>
    </groups>
    <test name="Default test" duration-ms="110359" started-at="2020-08-27T11:54:35 IST" finished-at="2020-08-27T11:56:25 IST">
      <class name="AmazonPackage.EcommercePage">
        <test-method status="PASS" signature="Login()[pri:0, instance:AmazonPackage.EcommercePage@7a187f14]" name="Login" duration-ms="110302" started-at="2020-08-27T11:54:35 IST" finished-at="2020-08-27T11:56:25 IST">
          <reporter-output>
          </reporter-output>
        </test-method> <!-- Login -->
      </class> <!-- AmazonPackage.EcommercePage -->
    </test> <!-- Default test -->
  </suite> <!-- Default suite -->
</testng-results>
